# JRE version: Java(TM) SE Runtime Environment (8.0_151-b12) (build 1.8.0_151-b12)
# Java VM: Java HotSpot(TM) 64-Bit Server VM (25.151-b12 mixed mode linux-amd64 compressed oops)
Heap:
 PSYoungGen      total 615936K, used 551315K [0x00000000d6e00000, 0x0000000100000000, 0x0000000100000000)
  eden space 591360K, 89% used [0x00000000d6e00000,0x00000000f706c4c8,0x00000000faf80000)
  from space 24576K, 99% used [0x00000000fe800000,0x00000000ffff8a40,0x0000000100000000)
  to   space 30720K, 0% used [0x00000000fc400000,0x00000000fc400000,0x00000000fe200000)
 ParOldGen       total 99328K, used 42408K [0x0000000084a00000, 0x000000008ab00000, 0x00000000d6e00000)
  object space 99328K, 42% used [0x0000000084a00000,0x000000008736a380,0x000000008ab00000)
 Metaspace       used 46387K, capacity 47400K, committed 47656K, reserved 1091584K
  class space    used 6142K, capacity 6364K, committed 6448K, reserved 1048576K
GC Heap History (10 events):
Event: 3.108 GC heap before
{Heap before GC invocations=8 (full 1):
 PSYoungGen      total 265728K, used 253952K [0x00000000d6e00000, 0x00000000e7e00000, 0x0000000100000000)
  eden space 253952K, 100% used [0x00000000d6e00000,0x00000000e6600000,0x00000000e6600000)
  from space 11776K, 0% used [0x00000000e7280000,0x00000000e7280000,0x00000000e7e00000)
  to   space 12288K, 0% used [0x00000000e6600000,0x00000000e6600000,0x00000000e7200000)
 ParOldGen       total 59904K, used 13887K [0x0000000084a00000, 0x0000000088480000, 0x00000000d6e00000)
  object space 59904K, 23% used [0x0000000084a00000,0x000000008578ffb0,0x0000000088480000)
 Metaspace       used 22724K, capacity 23134K, committed 23344K, reserved 1069056K
  class space    used 2977K, capacity 3082K, committed 3120K, reserved 1048576K
Event: 3.121 GC heap after
Heap after GC invocations=8 (full 1):
 PSYoungGen      total 266240K, used 12266K [0x00000000d6e00000, 0x00000000f3e80000, 0x0000000100000000)
  eden space 253952K, 0% used [0x00000000d6e00000,0x00000000d6e00000,0x00000000e6600000)
  from space 12288K, 99% used [0x00000000e6600000,0x00000000e71fa930,0x00000000e7200000)
  to   space 14336K, 0% used [0x00000000f3080000,0x00000000f3080000,0x00000000f3e80000)
 ParOldGen       total 59904K, used 14572K [0x0000000084a00000, 0x0000000088480000, 0x00000000d6e00000)
  object space 59904K, 24% used [0x0000000084a00000,0x000000008583b2a0,0x0000000088480000)
 Metaspace       used 22724K, capacity 23134K, committed 23344K, reserved 1069056K
  class space    used 2977K, capacity 3082K, committed 3120K, reserved 1048576K
}
Event: 4.134 GC heap before
{Heap before GC invocations=9 (full 1):
 PSYoungGen      total 266240K, used 266218K [0x00000000d6e00000, 0x00000000f3e80000, 0x0000000100000000)
  eden space 253952K, 100% used [0x00000000d6e00000,0x00000000e6600000,0x00000000e6600000)
  from space 12288K, 99% used [0x00000000e6600000,0x00000000e71fa930,0x00000000e7200000)
  to   space 14336K, 0% used [0x00000000f3080000,0x00000000f3080000,0x00000000f3e80000)
 ParOldGen       total 59904K, used 14572K [0x0000000084a00000, 0x0000000088480000, 0x00000000d6e00000)
  object space 59904K, 24% used [0x0000000084a00000,0x000000008583b2a0,0x0000000088480000)
 Metaspace       used 29855K, capacity 30302K, committed 30384K, reserved 1075200K
  class space    used 3894K, capacity 4010K, committed 4016K, reserved 1048576K
Event: 4.160 GC heap after
Heap after GC invocations=9 (full 1):
 PSYoungGen      total 455680K, used 14314K [0x00000000d6e00000, 0x00000000f4100000, 0x0000000100000000)
  eden space 441344K, 0% used [0x00000000d6e00000,0x00000000d6e00000,0x00000000f1d00000)
  from space 14336K, 99% used [0x00000000f3080000,0x00000000f3e7a850,0x00000000f3e80000)
  to   space 18432K, 0% used [0x00000000f1d00000,0x00000000f1d00000,0x00000000f2f00000)
 ParOldGen       total 59904K, used 19406K [0x0000000084a00000, 0x0000000088480000, 0x00000000d6e00000)
  object space 59904K, 32% used [0x0000000084a00000,0x0000000085cf3b28,0x0000000088480000)
 Metaspace       used 29855K, capacity 30302K, committed 30384K, reserved 1075200K
  class space    used 3894K, capacity 4010K, committed 4016K, reserved 1048576K
}
Event: 5.653 GC heap before
{Heap before GC invocations=10 (full 1):
 PSYoungGen      total 455680K, used 415416K [0x00000000d6e00000, 0x00000000f4100000, 0x0000000100000000)
  eden space 441344K, 90% used [0x00000000d6e00000,0x00000000ef5b39c0,0x00000000f1d00000)
  from space 14336K, 99% used [0x00000000f3080000,0x00000000f3e7a850,0x00000000f3e80000)
  to   space 18432K, 0% used [0x00000000f1d00000,0x00000000f1d00000,0x00000000f2f00000)
 ParOldGen       total 59904K, used 19406K [0x0000000084a00000, 0x0000000088480000, 0x00000000d6e00000)
  object space 59904K, 32% used [0x0000000084a00000,0x0000000085cf3b28,0x0000000088480000)
 Metaspace       used 34787K, capacity 35342K, committed 35496K, reserved 1079296K
  class space    used 4595K, capacity 4749K, committed 4784K, reserved 1048576K
Event: 5.672 GC heap after
Heap after GC invocations=10 (full 1):
 PSYoungGen      total 459776K, used 18423K [0x00000000d6e00000, 0x0000000100000000, 0x0000000100000000)
  eden space 441344K, 0% used [0x00000000d6e00000,0x00000000d6e00000,0x00000000f1d00000)
  from space 18432K, 99% used [0x00000000f1d00000,0x00000000f2efde68,0x00000000f2f00000)
  to   space 24576K, 0% used [0x00000000fe800000,0x00000000fe800000,0x0000000100000000)
 ParOldGen       total 59904K, used 28210K [0x0000000084a00000, 0x0000000088480000, 0x00000000d6e00000)
  object space 59904K, 47% used [0x0000000084a00000,0x000000008658cb18,0x0000000088480000)
 Metaspace       used 34787K, capacity 35342K, committed 35496K, reserved 1079296K
  class space    used 4595K, capacity 4749K, committed 4784K, reserved 1048576K
}
Event: 5.672 GC heap before
{Heap before GC invocations=11 (full 2):
 PSYoungGen      total 459776K, used 18423K [0x00000000d6e00000, 0x0000000100000000, 0x0000000100000000)
  eden space 441344K, 0% used [0x00000000d6e00000,0x00000000d6e00000,0x00000000f1d00000)
  from space 18432K, 99% used [0x00000000f1d00000,0x00000000f2efde68,0x00000000f2f00000)
  to   space 24576K, 0% used [0x00000000fe800000,0x00000000fe800000,0x0000000100000000)
 ParOldGen       total 59904K, used 28210K [0x0000000084a00000, 0x0000000088480000, 0x00000000d6e00000)
  object space 59904K, 47% used [0x0000000084a00000,0x000000008658cb18,0x0000000088480000)
 Metaspace       used 34787K, capacity 35342K, committed 35496K, reserved 1079296K
  class space    used 4595K, capacity 4749K, committed 4784K, reserved 1048576K
Event: 5.767 GC heap after
Heap after GC invocations=11 (full 2):
 PSYoungGen      total 459776K, used 0K [0x00000000d6e00000, 0x0000000100000000, 0x0000000100000000)
  eden space 441344K, 0% used [0x00000000d6e00000,0x00000000d6e00000,0x00000000f1d00000)
  from space 18432K, 0% used [0x00000000f1d00000,0x00000000f1d00000,0x00000000f2f00000)
  to   space 24576K, 0% used [0x00000000fe800000,0x00000000fe800000,0x0000000100000000)
 ParOldGen       total 99328K, used 35334K [0x0000000084a00000, 0x000000008ab00000, 0x00000000d6e00000)
  object space 99328K, 35% used [0x0000000084a00000,0x0000000086c81938,0x000000008ab00000)
 Metaspace       used 34787K, capacity 35342K, committed 35496K, reserved 1079296K
  class space    used 4595K, capacity 4749K, committed 4784K, reserved 1048576K
}
Event: 7.441 GC heap before
{Heap before GC invocations=12 (full 2):
 PSYoungGen      total 459776K, used 441344K [0x00000000d6e00000, 0x0000000100000000, 0x0000000100000000)
  eden space 441344K, 100% used [0x00000000d6e00000,0x00000000f1d00000,0x00000000f1d00000)
  from space 18432K, 0% used [0x00000000f1d00000,0x00000000f1d00000,0x00000000f2f00000)
  to   space 24576K, 0% used [0x00000000fe800000,0x00000000fe800000,0x0000000100000000)
 ParOldGen       total 99328K, used 35334K [0x0000000084a00000, 0x000000008ab00000, 0x00000000d6e00000)
  object space 99328K, 35% used [0x0000000084a00000,0x0000000086c81938,0x000000008ab00000)
 Metaspace       used 42447K, capacity 43210K, committed 43432K, reserved 1087488K
  class space    used 5648K, capacity 5808K, committed 5808K, reserved 1048576K
Event: 7.465 GC heap after
Heap after GC invocations=12 (full 2):
 PSYoungGen      total 615936K, used 24546K [0x00000000d6e00000, 0x0000000100000000, 0x0000000100000000)
  eden space 591360K, 0% used [0x00000000d6e00000,0x00000000d6e00000,0x00000000faf80000)
  from space 24576K, 99% used [0x00000000fe800000,0x00000000ffff8a40,0x0000000100000000)
  to   space 30720K, 0% used [0x00000000fc400000,0x00000000fc400000,0x00000000fe200000)
 ParOldGen       total 99328K, used 42408K [0x0000000084a00000, 0x000000008ab00000, 0x00000000d6e00000)
  object space 99328K, 42% used [0x0000000084a00000,0x000000008736a380,0x000000008ab00000)
 Metaspace       used 42447K, capacity 43210K, committed 43432K, reserved 1087488K
  class space    used 5648K, capacity 5808K, committed 5808K, reserved 1048576K
}

